#normal file
{'content': '2023年度\n'
            '\n'
            '临汾路街道居民区“一居一品”\n'
            '\n'
            '自治项目申请书\n'
            '\n'
            '项目名称: “靓久久”--党建引领打造整洁环境社区 申报单位: 临汾路299弄居委会 申报日期: 2023年6月20日\n'
            '\n'
            '上海徐汇区友邻社区社会组织服务中心制\n'
            '\n'
            '2023年6月\n'
            '\n'
            '一、基本信息 项目名称 “靓久久”--党建引领打造整洁环境社区 项目负责人（居民） 周爱民 联系电话 18116020786 '
            '居委会联络人 何燕 联系电话 18116020805 实施地点 临汾路299弄居委 恒安 小区 项目周期 2023年7-9月 '
            '项目类别 ¨公共空间  ¨志愿服务 ¨社区文化  ¨其他： 二、项目情况阐述 '
            '项目背景（项目所针对和要解决的问题或需求，以及这些问题、需求是如何被发现的）500字以内。 '
            '项目目标（即项目预期的效果和结果，项目目标要明确、具体、可实现） '
            '3、项目团队（项目由谁来实施，人员身份、分工情况等，可酌情增加行数） 序号 组员姓名 性别 党团员 年龄 项目分工 1 周爱民 男 '
            '党员 58 项目总部署及安排 2 何燕 女 党员 46 项目总部署及安排 3 孟丽花 女 党员 41 带领支部书记按照网格实施工作 '
            '4 杨莺 女 预备党员 44 带领楼组长按照网格实施工作 5 张丽 女 39 带领群防群治志愿者和楼组长实施工作 6 蔡丽丽 女 '
            '38 带领网格内楼组长和志愿者实施工作 7 陶晨 女 35 带领网格内楼组长和志愿者实施工作 8 包斯静 女 党员 34 '
            '带领网格内楼组长和志愿者实施工作 9 张菊娣 女 党员 67 带领清洁家园志愿者实施工作 10 姚瑛 女 党员 61 '
            '排摸安全隐患和需要重点关注的老人 11 沈良华 男 党员 70 换购物资保障 12 吕以春 男 党员 66 物业总协调 13 郭浩 '
            '男 26 对废旧车辆进行排摸 14 骆俊 女 46 安排保洁工共同参与 15 王国才 男 63 对废旧车辆和飞线充电进行整治 16 '
            '程文烜 男 党员 74 监督物业做好整治工作 17 蒯本琳 男 69 监督物业做好整治工作 '
            '项目计划（即为实现目标，具体开展的工作和活动，以及在落实过程中所采用的方式、方法、步骤、时间节点等。可酌情增加行数） '
            '项目预算（经费来源：居民区工作经费） 目预算 三、项目评定 居委会初审 意见 盖章： 日期： 临汾路街道 复审意见 盖章： 日期： '
            '专家评定 结果 是否同意资助：□是          □否 资助资金额度：元（大写：             ） 盖章： 日期： '
            '备注',
 'doc_id': '17f05793ecdc47f89effaff1e646316b_0',
 'embed_version': 'local_v20240725',
 'file_id': '17f05793ecdc47f89effaff1e646316b',
 'file_name': '299-2023年度居民区一居一品自治项目申请书改.docx',
 'file_url': '',
 'headers': {'文件名': '299-2023年度居民区一居一品自治项目申请书改.docx',
             '知识库名': 'wiseflow-临小助_20241026110847'},
 'nos_keys': '',
 'page_id': 0,
 'retrieval_query': '靓久久”--党建引领打造整洁环境社区',
 'retrieval_source': 'es',
 'score': '0.65'}

# find origial files
{'code': 200, 'msg': 'success',
'chunks': [{'page_content': "[headers]({'知识库名': 'awada1号_202403\n测试人员ID：7881301，和邻居都不熟是一项挺败！）",
'metadata': {'user_id': 'zzp__1234', 'kb_id': 'KB782eed6f0e254ed2ae8ee673d5b28651_240625', 'file_id': '0d129d54d38f4853bece7f8d5b4e7c04',
                'file_name': '7881301697926769_37c0734f-a6b6-41b7-a145-61be78ac27b7.txt',
                'nos_key': '/workspace/QAnything/QANY_DB/content/zzp__1234/KB782eed6f0e254ed2ae8ee673d5b28651_240625/0d129d54d38f4853bece7f8d5b4e7c04/7881301697926769_37c0734f-a6b6-41b7-a145-61be78ac27b7.txt',
                'file_url': '', 'title_lst': [], 'has_table': False, 'images': [], 'page_id': 0, 'headers': {'知识库名': 'awada1号_20241031094457', '文件名': '7881301697926769_37c0734f-a6b6-41b7-a145-61be78ac27b7.txt'}, 'faq_dict': {}}, 'chunk_id': '0d129d54d38f4853bece7f8d5b4e7c04_0'}],
                'file_path': '/workspace/QAnything/QANY_DB/content/zzp__1234/KB782eed6f0e254ed2ae8ee673d5b28651_240625/0d129d54d38f4853bece7f8d5b4e7c04', 'page_id': 1, 'page_limit': 10, 'total_count': 1}

/workspace/QAnything/QANY_DB/content/zzp__1234/KB782eed6f0e254ed2ae8ee673d5b28651_240625/0d129d54d38f4853bece7f8d5b4e7c04

# wiseflow doc
{'content': '# ac524d40d94c_0\n'
            '\n'
            '## //\n'
            '\n'
            '为进一步打造生态宜居、干净整洁的生活环境，瑞金二路街道结合“爱国卫生”相关工作，常态化开展“清洁家园”专项行动。 '
            '整治社区人居环境不仅是一场攻坚战，更是一场持久战。思南居民区党总支坚持以党建引领社区精细化管理，通过明确分工和狠抓落实，对各个网格进行了有效梳理。在这一过程中，发现瑞金二路的花园坊内有一处存在安全隐患的雨棚及堆放已久的杂物。这不仅影响了社区的整体环境，更对居民的安全构成了潜在威胁。 '
            '经过走访，块长了解到有位老人长期在公共区域堆放杂物，导致邻居无法停车。得知情况后，块长多次上门与老人沟通。起初，老人有点抵触，但在块长的耐心劝导和交流下，老人逐渐放下戒备，最终同意配合整改。很快，思南居民区党总支联合第三综合网格工作站、永嘉物业与居民志愿者开展雨棚拆除和清理杂物工作。在大家的共同努力下，这个存在已久的雨棚终于被成功拆除，杂物也被清理干净，路过的居民纷纷竖起大拇指点赞。拆除了已搭建多年的雨篷，恢复了公共区域的使用功能。 '
            '△整治前 △整治后 '
            '“清洁家园”行动的开展不仅消除了潜在的安全隐患，更大大改善了居民的生活环境。瑞金二路街道将继续积极开展宣传活动，进一步提升居民的社区安全和卫生意识，聚沙成塔、滴水成河，每人贡献一份力量，共同打造美丽宜居的家园。 '
            '供稿 | 社区管理办、思南居委',
 'doc_id': '7839d28f40bf498a87067ba42704594d_0',
 'embed_version': 'local_v20240725',
 'file_id': '7839d28f40bf498a87067ba42704594d',
 'file_name': 'ac524d40d94c_0.md',
 'file_url': '',
 'headers': {'文件名': 'ac524d40d94c_0.md', '知识库名': 'linxiaozhu'},
 'nos_keys': '',
 'page_id': 2,
 'retrieval_query': '靓久久”--党建引领打造整洁环境社区',
 'retrieval_source': 'es',
 'score': '0.62'}